<?xml version="1.0" encoding="UTF-8"?>
<testsuite xmlns:xsi="http://www.w3.org/2001/XMLSchema-instance" xsi:noNamespaceSchemaLocation="https://maven.apache.org/surefire/maven-surefire-plugin/xsd/surefire-test-report-3.0.xsd" version="3.0" name="ui.runner.TestRunner" time="17.969" tests="1" errors="0" skipped="0" failures="1">
  <properties>
[...]
</properties>
  <testcase name="Purchase Requision Form" classname="Purchase Requision Form" time="17.548">
    <failure message="Element should have focused {kp-link[data-action *= &apos;kp-request--save&apos;]}&#10;Element: &apos;&lt;kp-link class=&quot;button button-raised button-fill&quot; data-action=&quot;kp-request--save-items&quot;&gt;Save All&lt;/kp-link&gt;&apos;&#10;Actual value: Focused focusedElement: &lt;input class=&quot;kp-request--input input-focused input-with-value&quot; data-kp-item-input-id=&quot;price&quot; data-kp-item-input-value=&quot;2&quot; kp-sanitization=&quot;currency&quot; placeholder=&quot;Price per unit&quot; type=&quot;text&quot; value=&quot;2&quot;&gt;&lt;/input&gt;, current focusedElement: &lt;kp-link class=&quot;button button-raised button-fill&quot; data-action=&quot;kp-request--save-items&quot;&gt;Save All&lt;/kp-link&gt;&#10;Screenshot: file:/Users/nijataliyev/eclipse-workspace/flow_maven/build/reports/tests/1586670420436.0.png&#10;Page source: file:/Users/nijataliyev/eclipse-workspace/flow_maven/build/reports/tests/1586670420436.0.html&#10;Timeout: 4 s." type="com.codeborne.selenide.ex.ElementShould"><![CDATA[com.codeborne.selenide.ex.ElementShould: 
Element should have focused {kp-link[data-action *= 'kp-request--save']}
Element: '<kp-link class="button button-raised button-fill" data-action="kp-request--save-items">Save All</kp-link>'
Actual value: Focused focusedElement: <input class="kp-request--input input-focused input-with-value" data-kp-item-input-id="price" data-kp-item-input-value="2" kp-sanitization="currency" placeholder="Price per unit" type="text" value="2"></input>, current focusedElement: <kp-link class="button button-raised button-fill" data-action="kp-request--save-items">Save All</kp-link>
Screenshot: file:/Users/nijataliyev/eclipse-workspace/flow_maven/build/reports/tests/1586670420436.0.png
Page source: file:/Users/nijataliyev/eclipse-workspace/flow_maven/build/reports/tests/1586670420436.0.html
Timeout: 4 s.
]]></failure>
    <system-err><![CDATA[Apr 12, 2020 1:46:43 AM io.cucumber.core.options.CucumberPropertiesParser parse
WARNING: Passing commandline options via the property `cucumber.options` has been deprecatedin favour of explicitly using property names.
Please use these instead: [cucumber.ansi-colors.disabled, cucumber.execution.dry-run, cucumber.execution.limit, cucumber.execution.order, cucumber.execution.strict, cucumber.execution.wip, cucumber.features, cucumber.filter.name, cucumber.filter.tags, cucumber.glue, cucumber.object-factory, cucumber.plugin, cucumber.snippet-type]
Apr 12, 2020 1:46:43 AM io.cucumber.junit.Cucumber <init>
WARNING: By default Cucumber is running in --non-strict mode.
This default will change to --strict and --non-strict will be removed.
You can use --strict or @CucumberOptions(strict = true) to suppress this warning
SLF4J: Failed to load class "org.slf4j.impl.StaticLoggerBinder".
SLF4J: Defaulting to no-operation (NOP) logger implementation
SLF4J: See http://www.slf4j.org/codes.html#StaticLoggerBinder for further details.
Starting ChromeDriver 80.0.3987.106 (f68069574609230cf9b635cd784cfb1bf81bb53a-refs/branch-heads/3987@{#882}) on port 31487
Only local connections are allowed.
Please protect ports used by ChromeDriver and related test frameworks to prevent access by malicious code.
Apr 12, 2020 1:46:45 AM org.openqa.selenium.remote.ProtocolHandshake createSession
INFO: Detected dialect: W3C
[1586670406.227][SEVERE]: Timed out receiving message from renderer: 0.100
[1586670406.330][SEVERE]: Timed out receiving message from renderer: 0.100
[1586670406.441][SEVERE]: Timed out receiving message from renderer: 0.100
[1586670406.544][SEVERE]: Timed out receiving message from renderer: 0.100
[1586670406.653][SEVERE]: Timed out receiving message from renderer: 0.100
[1586670406.762][SEVERE]: Timed out receiving message from renderer: 0.100
[1586670407.009][SEVERE]: Timed out receiving message from renderer: 0.100
]]></system-err>
  </testcase>
</testsuite>